<?xml version="1.0" encoding="UTF-8"?>
<!-- Generated by org.testng.reporters.JUnitXMLReporter -->
<testsuite ignored="0" hostname="DEC1458" failures="1" tests="7" name="Test" time="39.604" errors="0" timestamp="2024-10-14T16:01:50 IST">
  <testcase classname="com.qa.testcases.LoginPageTest" name="LoginPageTitleTest" time="0.056">
    <skipped/>
  </testcase> <!-- LoginPageTitleTest -->
  <testcase classname="com.qa.testcases.LoginPageTest" name="LoginPageTitleTest" time="0.009">
    <skipped/>
  </testcase> <!-- LoginPageTitleTest -->
  <testcase classname="com.qa.testcases.LoginPageTest" name="LoginPageTitleTest" time="0.009">
    <skipped/>
  </testcase> <!-- LoginPageTitleTest -->
  <testcase classname="com.qa.testcases.LoginPageTest" name="LoginPageTitleTest" time="0.015">
    <failure type="java.lang.AssertionError" message="expected [Admin-Portal1] but found [Admin-Portal]">
      <![CDATA[java.lang.AssertionError: expected [Admin-Portal1] but found [Admin-Portal]
at com.qa.testcases.LoginPageTest.LoginPageTitleTest(LoginPageTest.java:46)
at java.base/java.util.ArrayList.forEach(ArrayList.java:1511)
... Removed 31 stack frames]]>
    </failure>
  </testcase> <!-- LoginPageTitleTest -->
  <testcase classname="com.qa.testcases.LoginPageTest" name="LoginPageUrlTest" time="0.019"/>
  <testcase classname="com.qa.testcases.LoginPageTest" name="LoginEmailAddressDisplayed" time="0.041"/>
  <testcase classname="com.qa.testcases.LoginPageTest" name="LoginLoginTest" time="30.56"/>
</testsuite> <!-- Test -->
